{
    "solution": [
        [
            1.0
        ],
        [
            1.1
        ],
        [
            1.2
        ],
        [
            1.2999999999999992
        ],
        [
            1.399999999999999
        ],
        [
            1.499999999999999
        ],
        [
            1.5999999999999985
        ],
        [
            1.699999999999999
        ],
        [
            1.799999999999999
        ],
        [
            1.8999999999999997
        ],
        [
            2.0
        ]
    ]
}