{
    "solution": [
        [
            0.0,
            0.0
        ],
        [
            -7.457238117214724e-15,
            -0.09999999999997444
        ],
        [
            3.199167552710754e-14,
            -0.19999999999998466
        ],
        [
            1.3027208600086462e-14,
            -0.29999999999999327
        ],
        [
            8.969479148590374e-15,
            -0.3999999999999754
        ],
        [
            3.233892656864351e-14,
            -0.4999999999999652
        ],
        [
            3.8847908483336684e-14,
            -0.5999999999999873
        ],
        [
            4.422426964070504e-14,
            -0.6999999999999829
        ],
        [
            3.481012622032998e-14,
            -0.7999999999999793
        ],
        [
            5.782071443220045e-14,
            -0.8999999999999664
        ],
        [
            4.20785660317961e-14,
            -0.999999999999995
        ],
        [
            0.019999999999983694,
            0.0
        ],
        [
            0.019999999999994633,
            -0.09999999999998661
        ],
        [
            0.02000000000003188,
            -0.1999999999999905
        ],
        [
            0.020000000000006832,
            -0.29999999999998667
        ],
        [
            0.02000000000000555,
            -0.3999999999999789
        ],
        [
            0.020000000000031753,
            -0.49999999999997785
        ],
        [
            0.020000000000038938,
            -0.5999999999999828
        ],
        [
            0.020000000000038785,
            -0.699999999999984
        ],
        [
            0.020000000000036097,
            -0.799999999999984
        ],
        [
            0.02000000000005131,
            -0.8999999999999762
        ],
        [
            0.020000000000050724,
            -0.9999999999999677
        ],
        [
            0.03999999999997901,
            0.0
        ],
        [
            0.03999999999999617,
            -0.09999999999999566
        ],
        [
            0.040000000000033994,
            -0.1999999999999934
        ],
        [
            0.040000000000004574,
            -0.29999999999998245
        ],
        [
            0.040000000000011346,
            -0.3999999999999838
        ],
        [
            0.04000000000003024,
            -0.499999999999987
        ],
        [
            0.040000000000040434,
            -0.5999999999999841
        ],
        [
            0.04000000000003938,
            -0.6999999999999837
        ],
        [
            0.04000000000004129,
            -0.7999999999999817
        ],
        [
            0.04000000000004699,
            -0.899999999999973
        ],
        [
            0.04000000000005288,
            -0.9999999999999657
        ],
        [
            0.059999999999978015,
            0.0
        ],
        [
            0.059999999999995994,
            -0.10000000000000112
        ],
        [
            0.06000000000002831,
            -0.19999999999999685
        ],
        [
            0.06000000000000507,
            -0.2999999999999928
        ],
        [
            0.060000000000012474,
            -0.3999999999999892
        ],
        [
            0.060000000000023763,
            -0.49999999999998734
        ],
        [
            0.060000000000036004,
            -0.5999999999999881
        ],
        [
            0.060000000000039244,
            -0.6999999999999857
        ],
        [
            0.060000000000040125,
            -0.7999999999999823
        ],
        [
            0.060000000000043685,
            -0.899999999999975
        ],
        [
            0.060000000000053844,
            -0.9999999999999694
        ],
        [
            0.07999999999997678,
            0.0
        ],
        [
            0.0799999999999977,
            -0.1000000000000069
        ],
        [
            0.08000000000002278,
            -0.20000000000000168
        ],
        [
            0.08000000000000686,
            -0.29999999999999205
        ],
        [
            0.08000000000000945,
            -0.39999999999999414
        ],
        [
            0.0800000000000238,
            -0.49999999999998895
        ],
        [
            0.08000000000003095,
            -0.5999999999999891
        ],
        [
            0.08000000000003772,
            -0.6999999999999869
        ],
        [
            0.08000000000003953,
            -0.7999999999999826
        ],
        [
            0.08000000000004177,
            -0.8999999999999809
        ],
        [
            0.08000000000005421,
            -0.9999999999999807
        ],
        [
            0.09999999999998314,
            0.0
        ],
        [
            0.10000000000000434,
            -0.10000000000001223
        ],
        [
            0.10000000000001741,
            -0.20000000000000523
        ],
        [
            0.10000000000000965,
            -0.29999999999999605
        ],
        [
            0.10000000000000749,
            -0.39999999999999375
        ],
        [
            0.10000000000002744,
            -0.4999999999999908
        ],
        [
            0.10000000000003012,
            -0.599999999999994
        ],
        [
            0.10000000000003696,
            -0.6999999999999907
        ],
        [
            0.10000000000004111,
            -0.7999999999999874
        ],
        [
            0.10000000000004385,
            -0.8999999999999907
        ],
        [
            0.10000000000005932,
            -0.9999999999999917
        ],
        [
            0.11999999999999096,
            0.0
        ],
        [
            0.12000000000001002,
            -0.10000000000000354
        ],
        [
            0.12000000000000967,
            -0.2000000000000006
        ],
        [
            0.12000000000000671,
            -0.29999999999999466
        ],
        [
            0.12000000000000509,
            -0.39999999999998936
        ],
        [
            0.12000000000002468,
            -0.499999999999994
        ],
        [
            0.12000000000003078,
            -0.6000000000000031
        ],
        [
            0.12000000000002883,
            -0.6999999999999995
        ],
        [
            0.12000000000003756,
            -0.799999999999987
        ],
        [
            0.1200000000000474,
            -0.899999999999994
        ],
        [
            0.1200000000000673,
            -1.0000000000000084
        ],
        [
            0.13999999999999718,
            0.0
        ],
        [
            0.14000000000000845,
            -0.10000000000000063
        ],
        [
            0.14000000000001217,
            -0.19999999999999754
        ],
        [
            0.14000000000000334,
            -0.29999999999999405
        ],
        [
            0.1400000000000066,
            -0.399999999999988
        ],
        [
            0.14000000000003227,
            -0.49999999999999467
        ],
        [
            0.14000000000003301,
            -0.6000000000000033
        ],
        [
            0.1400000000000217,
            -0.7000000000000013
        ],
        [
            0.14000000000003537,
            -0.7999999999999884
        ],
        [
            0.14000000000005405,
            -0.8999999999999959
        ],
        [
            0.1400000000000652,
            -1.0000000000000078
        ],
        [
            0.16000000000000367,
            0.0
        ],
        [
            0.16000000000000822,
            -0.09999999999999848
        ],
        [
            0.1600000000000157,
            -0.20000000000000234
        ],
        [
            0.1600000000000027,
            -0.2999999999999985
        ],
        [
            0.16000000000000922,
            -0.39999999999999597
        ],
        [
            0.16000000000003725,
            -0.49999999999999856
        ],
        [
            0.16000000000003536,
            -0.5999999999999989
        ],
        [
            0.16000000000001882,
            -0.6999999999999973
        ],
        [
            0.16000000000003226,
            -0.7999999999999909
        ],
        [
            0.16000000000006392,
            -0.8999999999999998
        ],
        [
            0.16000000000005765,
            -1.0000000000000067
        ],
        [
            0.1800000000000067,
            0.0
        ],
        [
            0.18000000000001223,
            -0.09999999999999706
        ],
        [
            0.18000000000001315,
            -0.1999999999999962
        ],
        [
            0.17999999999999963,
            -0.2999999999999921
        ],
        [
            0.18000000000000854,
            -0.3999999999999975
        ],
        [
            0.18000000000003272,
            -0.4999999999999944
        ],
        [
            0.180000000000037,
            -0.5999999999999976
        ],
        [
            0.18000000000001526,
            -0.6999999999999997
        ],
        [
            0.18000000000002386,
            -0.7999999999999985
        ],
        [
            0.18000000000007202,
            -0.8999999999999967
        ],
        [
            0.18000000000005337,
            -0.9999999999999964
        ],
        [
            0.2000000000000082,
            0.0
        ],
        [
            0.20000000000001167,
            -0.0999999999999937
        ],
        [
            0.2000000000000176,
            -0.199999999999989
        ],
        [
            0.19999999999999749,
            -0.2999999999999855
        ],
        [
            0.2000000000000114,
            -0.40000000000000624
        ],
        [
            0.20000000000003754,
            -0.5000000000000043
        ],
        [
            0.20000000000004095,
            -0.5999999999999951
        ],
        [
            0.2000000000000146,
            -0.6999999999999975
        ],
        [
            0.20000000000002346,
            -0.800000000000007
        ],
        [
            0.20000000000007456,
            -0.9000000000000018
        ],
        [
            0.2000000000000401,
            -0.9999999999999605
        ]
    ]
}