{
    "solution": [
        [
            0.0,
            0.0
        ],
        [
            -5.903244629916051e-14,
            -0.05000000000008017
        ],
        [
            -1.4824452211351536e-13,
            -0.10000000000015741
        ],
        [
            -1.5338342045432106e-13,
            -0.15000000000030764
        ],
        [
            -5.49802129393981e-13,
            -0.20000000000007323
        ],
        [
            -9.472879856337386e-14,
            -0.24999999999963446
        ],
        [
            3.1388428374082043e-13,
            -0.2999999999997308
        ],
        [
            6.178552924751096e-13,
            -0.35000000000013765
        ],
        [
            1.632874352002947e-13,
            -0.4000000000003034
        ],
        [
            -4.823858499160607e-13,
            -0.4500000000001661
        ],
        [
            -4.641099014947861e-13,
            -0.4999999999998921
        ],
        [
            1.121457180098196e-13,
            -0.5499999999998084
        ],
        [
            2.5582534009181093e-13,
            -0.6000000000000021
        ],
        [
            2.8393481501354524e-13,
            -0.6500000000000447
        ],
        [
            -2.393672819108909e-14,
            -0.7000000000001368
        ],
        [
            -3.170332998622278e-13,
            -0.7500000000002377
        ],
        [
            -3.984233444062201e-13,
            -0.8000000000002286
        ],
        [
            -3.7907646406710984e-13,
            -0.8500000000001522
        ],
        [
            -3.454453857926197e-13,
            -0.8999999999999414
        ],
        [
            -3.360162972135412e-14,
            -0.949999999999828
        ],
        [
            4.962591632880703e-13,
            -1.0
        ],
        [
            0.010000000000116294,
            0.0
        ],
        [
            0.009999999999924587,
            -0.05000000000012251
        ],
        [
            0.009999999999886688,
            -0.10000000000018959
        ],
        [
            0.009999999999814938,
            -0.15000000000018357
        ],
        [
            0.009999999999384196,
            -0.2000000000000233
        ],
        [
            0.009999999999901104,
            -0.24999999999989805
        ],
        [
            0.010000000000354392,
            -0.29999999999991833
        ],
        [
            0.010000000000660966,
            -0.35000000000004455
        ],
        [
            0.010000000000160686,
            -0.4000000000001166
        ],
        [
            0.009999999999482059,
            -0.45000000000009915
        ],
        [
            0.009999999999491787,
            -0.49999999999996186
        ],
        [
            0.010000000000046336,
            -0.549999999999964
        ],
        [
            0.010000000000271179,
            -0.5999999999999782
        ],
        [
            0.010000000000280368,
            -0.6500000000000359
        ],
        [
            0.010000000000027298,
            -0.7000000000000767
        ],
        [
            0.009999999999714028,
            -0.7500000000001191
        ],
        [
            0.009999999999597251,
            -0.8000000000001756
        ],
        [
            0.009999999999613046,
            -0.8500000000001285
        ],
        [
            0.009999999999577375,
            -0.9000000000000145
        ],
        [
            0.009999999999984924,
            -0.9499999999999941
        ],
        [
            0.010000000000467302,
            -1.0
        ],
        [
            0.02000000000020752,
            0.0
        ],
        [
            0.01999999999998933,
            -0.0500000000001074
        ],
        [
            0.019999999999882733,
            -0.10000000000021841
        ],
        [
            0.019999999999781706,
            -0.15000000000010702
        ],
        [
            0.01999999999943755,
            -0.20000000000005985
        ],
        [
            0.019999999999845954,
            -0.2500000000000198
        ],
        [
            0.020000000000383263,
            -0.30000000000000426
        ],
        [
            0.020000000000609957,
            -0.35000000000008463
        ],
        [
            0.020000000000135788,
            -0.40000000000001845
        ],
        [
            0.01999999999946338,
            -0.44999999999998297
        ],
        [
            0.01999999999945919,
            -0.500000000000024
        ],
        [
            0.01999999999999731,
            -0.549999999999961
        ],
        [
            0.020000000000245897,
            -0.5999999999999406
        ],
        [
            0.020000000000265188,
            -0.6500000000000483
        ],
        [
            0.02000000000000895,
            -0.700000000000087
        ],
        [
            0.01999999999973435,
            -0.7500000000001507
        ],
        [
            0.019999999999613514,
            -0.8000000000001511
        ],
        [
            0.019999999999561164,
            -0.8500000000000778
        ],
        [
            0.019999999999606128,
            -0.9000000000000559
        ],
        [
            0.019999999999964397,
            -0.9500000000000429
        ],
        [
            0.02000000000038018,
            -1.0
        ],
        [
            0.030000000000235047,
            0.0
        ],
        [
            0.030000000000044415,
            -0.05000000000006203
        ],
        [
            0.02999999999984603,
            -0.10000000000011126
        ],
        [
            0.029999999999776844,
            -0.15000000000003827
        ],
        [
            0.02999999999950049,
            -0.20000000000003265
        ],
        [
            0.029999999999861436,
            -0.2500000000000726
        ],
        [
            0.030000000000351894,
            -0.30000000000007315
        ],
        [
            0.030000000000582467,
            -0.3500000000000601
        ],
        [
            0.03000000000006119,
            -0.39999999999996827
        ],
        [
            0.029999999999479967,
            -0.44999999999993434
        ],
        [
            0.02999999999945592,
            -0.5000000000000645
        ],
        [
            0.029999999999949078,
            -0.550000000000023
        ],
        [
            0.030000000000272087,
            -0.5999999999999974
        ],
        [
            0.030000000000285878,
            -0.6499999999999784
        ],
        [
            0.03000000000000487,
            -0.7000000000000266
        ],
        [
            0.029999999999744287,
            -0.750000000000135
        ],
        [
            0.029999999999598556,
            -0.800000000000163
        ],
        [
            0.02999999999959256,
            -0.8500000000000163
        ],
        [
            0.029999999999618825,
            -0.899999999999997
        ],
        [
            0.029999999999955035,
            -0.950000000000079
        ],
        [
            0.03000000000030259,
            -1.0
        ],
        [
            0.04000000000026592,
            0.0
        ],
        [
            0.040000000000044264,
            -0.050000000000045126
        ],
        [
            0.03999999999982792,
            -0.1000000000000132
        ],
        [
            0.03999999999978005,
            -0.1499999999999866
        ],
        [
            0.03999999999953791,
            -0.19999999999998577
        ],
        [
            0.03999999999990508,
            -0.25000000000007655
        ],
        [
            0.040000000000325525,
            -0.300000000000098
        ],
        [
            0.04000000000047016,
            -0.3500000000000133
        ],
        [
            0.040000000000017126,
            -0.3999999999999335
        ],
        [
            0.039999999999487855,
            -0.44999999999995133
        ],
        [
            0.039999999999504696,
            -0.5000000000000357
        ],
        [
            0.03999999999994136,
            -0.5500000000000413
        ],
        [
            0.040000000000265316,
            -0.599999999999999
        ],
        [
            0.04000000000029801,
            -0.6499999999999466
        ],
        [
            0.03999999999998687,
            -0.7000000000000011
        ],
        [
            0.0399999999998119,
            -0.7500000000000984
        ],
        [
            0.03999999999959459,
            -0.8000000000001295
        ],
        [
            0.03999999999957132,
            -0.8500000000000275
        ],
        [
            0.039999999999699644,
            -0.9000000000000072
        ],
        [
            0.03999999999993911,
            -0.9500000000000891
        ],
        [
            0.04000000000017954,
            -1.0
        ],
        [
            0.05000000000026383,
            0.0
        ],
        [
            0.0500000000000659,
            -0.049999999999999725
        ],
        [
            0.04999999999980763,
            -0.09999999999994612
        ],
        [
            0.04999999999976106,
            -0.14999999999990243
        ],
        [
            0.04999999999963707,
            -0.1999999999999089
        ],
        [
            0.049999999999930655,
            -0.2500000000000632
        ],
        [
            0.050000000000318304,
            -0.30000000000010585
        ],
        [
            0.05000000000039243,
            -0.35000000000000087
        ],
        [
            0.04999999999999553,
            -0.39999999999990715
        ],
        [
            0.04999999999947894,
            -0.4499999999999556
        ],
        [
            0.04999999999955499,
            -0.5000000000000032
        ],
        [
            0.04999999999991492,
            -0.5500000000000452
        ],
        [
            0.050000000000252266,
            -0.5999999999999764
        ],
        [
            0.05000000000026265,
            -0.6499999999999135
        ],
        [
            0.0500000000000597,
            -0.6999999999999597
        ],
        [
            0.04999999999985979,
            -0.750000000000062
        ],
        [
            0.049999999999607525,
            -0.8000000000000825
        ],
        [
            0.0499999999995531,
            -0.8500000000000552
        ],
        [
            0.04999999999976288,
            -0.9000000000000564
        ],
        [
            0.04999999999990912,
            -0.9500000000000447
        ],
        [
            0.050000000000147475,
            -1.0
        ],
        [
            0.06000000000021325,
            0.0
        ],
        [
            0.06000000000004443,
            -0.04999999999996701
        ],
        [
            0.05999999999980066,
            -0.09999999999997433
        ],
        [
            0.05999999999973636,
            -0.1499999999998701
        ],
        [
            0.059999999999719146,
            -0.19999999999994872
        ],
        [
            0.060000000000002565,
            -0.2500000000000393
        ],
        [
            0.0600000000002411,
            -0.30000000000003785
        ],
        [
            0.060000000000379534,
            -0.34999999999998443
        ],
        [
            0.059999999999923385,
            -0.39999999999987496
        ],
        [
            0.059999999999493105,
            -0.449999999999878
        ],
        [
            0.05999999999955674,
            -0.4999999999999705
        ],
        [
            0.059999999999857494,
            -0.5500000000000635
        ],
        [
            0.06000000000021051,
            -0.5999999999999871
        ],
        [
            0.06000000000022378,
            -0.6499999999999083
        ],
        [
            0.060000000000101965,
            -0.6999999999999191
        ],
        [
            0.059999999999929145,
            -0.7499999999999676
        ],
        [
            0.05999999999962515,
            -0.8000000000000604
        ],
        [
            0.05999999999956853,
            -0.8500000000000805
        ],
        [
            0.05999999999976879,
            -0.900000000000057
        ],
        [
            0.05999999999992056,
            -0.9500000000000827
        ],
        [
            0.060000000000056154,
            -1.0
        ],
        [
            0.07000000000025242,
            0.0
        ],
        [
            0.07000000000002732,
            -0.04999999999994803
        ],
        [
            0.0699999999998398,
            -0.09999999999996421
        ],
        [
            0.06999999999970842,
            -0.14999999999991823
        ],
        [
            0.06999999999977873,
            -0.19999999999990703
        ],
        [
            0.07000000000004304,
            -0.24999999999996164
        ],
        [
            0.07000000000020647,
            -0.2999999999999723
        ],
        [
            0.07000000000031335,
            -0.34999999999995046
        ],
        [
            0.06999999999989093,
            -0.3999999999998931
        ],
        [
            0.06999999999952022,
            -0.4499999999998477
        ],
        [
            0.06999999999959576,
            -0.4999999999999727
        ],
        [
            0.06999999999986045,
            -0.5500000000000237
        ],
        [
            0.07000000000008863,
            -0.5999999999999278
        ],
        [
            0.07000000000024074,
            -0.6499999999999581
        ],
        [
            0.07000000000009168,
            -0.699999999999923
        ],
        [
            0.06999999999993804,
            -0.7499999999999486
        ],
        [
            0.06999999999969159,
            -0.8000000000000269
        ],
        [
            0.06999999999961375,
            -0.8500000000001096
        ],
        [
            0.06999999999979128,
            -0.9000000000001643
        ],
        [
            0.0699999999999501,
            -0.9500000000001249
        ],
        [
            0.06999999999997798,
            -1.0
        ],
        [
            0.0800000000002783,
            0.0
        ],
        [
            0.08000000000000208,
            -0.05000000000002634
        ],
        [
            0.07999999999984261,
            -0.09999999999992885
        ],
        [
            0.07999999999972603,
            -0.1499999999999505
        ],
        [
            0.07999999999985564,
            -0.1999999999999514
        ],
        [
            0.08000000000003057,
            -0.24999999999998185
        ],
        [
            0.08000000000023613,
            -0.29999999999995647
        ],
        [
            0.08000000000029071,
            -0.34999999999991227
        ],
        [
            0.07999999999984682,
            -0.39999999999984454
        ],
        [
            0.07999999999955906,
            -0.44999999999984197
        ],
        [
            0.07999999999961724,
            -0.4999999999999635
        ],
        [
            0.07999999999981464,
            -0.5499999999999974
        ],
        [
            0.08000000000009193,
            -0.5999999999999703
        ],
        [
            0.08000000000018632,
            -0.6499999999999678
        ],
        [
            0.08000000000009261,
            -0.6999999999999534
        ],
        [
            0.07999999999996672,
            -0.749999999999904
        ],
        [
            0.07999999999969978,
            -0.799999999999958
        ],
        [
            0.07999999999969651,
            -0.8500000000001221
        ],
        [
            0.07999999999982707,
            -0.9000000000001995
        ],
        [
            0.07999999999991242,
            -0.9500000000001264
        ],
        [
            0.07999999999987499,
            -1.0
        ],
        [
            0.09000000000033355,
            0.0
        ],
        [
            0.08999999999998635,
            -0.05000000000006746
        ],
        [
            0.08999999999981854,
            -0.09999999999994504
        ],
        [
            0.08999999999974075,
            -0.14999999999992955
        ],
        [
            0.0899999999998938,
            -0.20000000000003496
        ],
        [
            0.0900000000000815,
            -0.25000000000003947
        ],
        [
            0.09000000000026584,
            -0.3000000000000061
        ],
        [
            0.09000000000022826,
            -0.3499999999999009
        ],
        [
            0.0899999999998231,
            -0.39999999999976593
        ],
        [
            0.08999999999958151,
            -0.44999999999982776
        ],
        [
            0.0899999999996655,
            -0.49999999999990696
        ],
        [
            0.08999999999983732,
            -0.549999999999946
        ],
        [
            0.09000000000003777,
            -0.600000000000038
        ],
        [
            0.09000000000018323,
            -0.6500000000000061
        ],
        [
            0.0900000000001072,
            -0.699999999999985
        ],
        [
            0.08999999999996072,
            -0.7499999999999112
        ],
        [
            0.0899999999997642,
            -0.7999999999999221
        ],
        [
            0.08999999999974305,
            -0.8500000000000449
        ],
        [
            0.08999999999981603,
            -0.9000000000001059
        ],
        [
            0.08999999999990031,
            -0.9500000000000773
        ],
        [
            0.08999999999981378,
            -1.0
        ],
        [
            0.10000000000039948,
            0.0
        ],
        [
            0.09999999999998677,
            -0.05000000000007044
        ],
        [
            0.09999999999979482,
            -0.10000000000000799
        ],
        [
            0.09999999999976186,
            -0.14999999999992425
        ],
        [
            0.09999999999993775,
            -0.19999999999999388
        ],
        [
            0.10000000000008663,
            -0.2500000000000287
        ],
        [
            0.10000000000026571,
            -0.30000000000001636
        ],
        [
            0.10000000000013964,
            -0.3499999999998609
        ],
        [
            0.09999999999980642,
            -0.3999999999998008
        ],
        [
            0.09999999999966411,
            -0.4499999999998588
        ],
        [
            0.09999999999964611,
            -0.49999999999990424
        ],
        [
            0.0999999999998845,
            -0.549999999999987
        ],
        [
            0.10000000000001448,
            -0.6000000000000386
        ],
        [
            0.10000000000015476,
            -0.6500000000000219
        ],
        [
            0.10000000000010031,
            -0.6999999999999461
        ],
        [
            0.0999999999999067,
            -0.7499999999999024
        ],
        [
            0.099999999999825,
            -0.7999999999999418
        ],
        [
            0.09999999999976646,
            -0.849999999999996
        ],
        [
            0.09999999999983207,
            -0.9000000000000912
        ],
        [
            0.09999999999988679,
            -0.9500000000000304
        ],
        [
            0.0999999999998067,
            -1.0
        ],
        [
            0.11000000000034556,
            0.0
        ],
        [
            0.11000000000000881,
            -0.050000000000022984
        ],
        [
            0.10999999999975583,
            -0.10000000000002221
        ],
        [
            0.10999999999983504,
            -0.15000000000003522
        ],
        [
            0.10999999999995907,
            -0.2000000000001129
        ],
        [
            0.11000000000012039,
            -0.2500000000000427
        ],
        [
            0.11000000000018367,
            -0.2999999999999368
        ],
        [
            0.11000000000007532,
            -0.3499999999998057
        ],
        [
            0.10999999999982765,
            -0.39999999999974606
        ],
        [
            0.10999999999967335,
            -0.44999999999985374
        ],
        [
            0.10999999999965492,
            -0.4999999999999139
        ],
        [
            0.10999999999986956,
            -0.5500000000000415
        ],
        [
            0.10999999999999904,
            -0.6000000000001141
        ],
        [
            0.11000000000007155,
            -0.6500000000000603
        ],
        [
            0.11000000000007754,
            -0.700000000000005
        ],
        [
            0.10999999999985327,
            -0.749999999999833
        ],
        [
            0.10999999999981343,
            -0.7999999999999005
        ],
        [
            0.10999999999982986,
            -0.8499999999999783
        ],
        [
            0.10999999999982522,
            -0.9000000000000111
        ],
        [
            0.10999999999985675,
            -0.950000000000008
        ],
        [
            0.1099999999998273,
            -1.0
        ],
        [
            0.12000000000033556,
            0.0
        ],
        [
            0.12000000000004124,
            -0.050000000000009585
        ],
        [
            0.11999999999976238,
            -0.10000000000001634
        ],
        [
            0.11999999999991803,
            -0.15000000000010497
        ],
        [
            0.1199999999999696,
            -0.20000000000008153
        ],
        [
            0.12000000000005619,
            -0.24999999999997932
        ],
        [
            0.12000000000016126,
            -0.2999999999998362
        ],
        [
            0.12000000000000746,
            -0.34999999999975623
        ],
        [
            0.1199999999998733,
            -0.3999999999997936
        ],
        [
            0.11999999999973474,
            -0.44999999999988505
        ],
        [
            0.11999999999968652,
            -0.5000000000000204
        ],
        [
            0.11999999999986347,
            -0.5500000000001419
        ],
        [
            0.11999999999994843,
            -0.6000000000001204
        ],
        [
            0.12000000000002349,
            -0.6500000000000767
        ],
        [
            0.12000000000002858,
            -0.6999999999999614
        ],
        [
            0.11999999999980225,
            -0.7499999999998318
        ],
        [
            0.11999999999984969,
            -0.7999999999998546
        ],
        [
            0.11999999999988882,
            -0.8499999999999666
        ],
        [
            0.11999999999985855,
            -0.9000000000000871
        ],
        [
            0.11999999999985614,
            -0.9500000000000353
        ],
        [
            0.1199999999998312,
            -1.0
        ],
        [
            0.13000000000030307,
            0.0
        ],
        [
            0.13000000000000705,
            -0.04999999999995135
        ],
        [
            0.12999999999987139,
            -0.10000000000002268
        ],
        [
            0.12999999999990125,
            -0.15000000000011748
        ],
        [
            0.12999999999998615,
            -0.20000000000009543
        ],
        [
            0.1299999999999962,
            -0.24999999999997047
        ],
        [
            0.13000000000012013,
            -0.29999999999979154
        ],
        [
            0.13000000000002096,
            -0.34999999999974135
        ],
        [
            0.12999999999993234,
            -0.3999999999997914
        ],
        [
            0.1299999999998238,
            -0.4499999999999035
        ],
        [
            0.12999999999974157,
            -0.5000000000000951
        ],
        [
            0.12999999999985243,
            -0.550000000000197
        ],
        [
            0.1299999999999251,
            -0.6000000000001612
        ],
        [
            0.12999999999995085,
            -0.6500000000000952
        ],
        [
            0.13000000000002254,
            -0.6999999999999016
        ],
        [
            0.12999999999978348,
            -0.749999999999858
        ],
        [
            0.12999999999992007,
            -0.799999999999853
        ],
        [
            0.12999999999995923,
            -0.8499999999999497
        ],
        [
            0.1299999999998685,
            -0.9000000000000744
        ],
        [
            0.1299999999998589,
            -0.9500000000000828
        ],
        [
            0.12999999999982279,
            -1.0
        ],
        [
            0.14000000000023038,
            0.0
        ],
        [
            0.14000000000002696,
            -0.04999999999986532
        ],
        [
            0.1399999999999029,
            -0.10000000000000843
        ],
        [
            0.1399999999999354,
            -0.15000000000011032
        ],
        [
            0.1399999999999617,
            -0.2000000000001489
        ],
        [
            0.13999999999994883,
            -0.250000000000021
        ],
        [
            0.14000000000008309,
            -0.2999999999997992
        ],
        [
            0.14000000000006135,
            -0.34999999999975656
        ],
        [
            0.1399999999999469,
            -0.3999999999997947
        ],
        [
            0.13999999999989526,
            -0.44999999999993356
        ],
        [
            0.13999999999982848,
            -0.5000000000001452
        ],
        [
            0.1399999999998473,
            -0.550000000000244
        ],
        [
            0.13999999999985743,
            -0.6000000000002568
        ],
        [
            0.13999999999986462,
            -0.6500000000000562
        ],
        [
            0.13999999999998627,
            -0.6999999999999178
        ],
        [
            0.13999999999984095,
            -0.7499999999998771
        ],
        [
            0.13999999999992813,
            -0.7999999999998474
        ],
        [
            0.13999999999996932,
            -0.8499999999999349
        ],
        [
            0.13999999999991342,
            -0.8999999999999807
        ],
        [
            0.13999999999984797,
            -0.9500000000000495
        ],
        [
            0.13999999999977397,
            -1.0
        ],
        [
            0.15000000000004599,
            0.0
        ],
        [
            0.1500000000000214,
            -0.04999999999980142
        ],
        [
            0.1500000000000203,
            -0.0999999999999331
        ],
        [
            0.14999999999997596,
            -0.150000000000094
        ],
        [
            0.14999999999996105,
            -0.20000000000010631
        ],
        [
            0.1499999999998611,
            -0.2500000000000374
        ],
        [
            0.15000000000000116,
            -0.29999999999988164
        ],
        [
            0.15000000000001867,
            -0.3499999999997667
        ],
        [
            0.14999999999999544,
            -0.39999999999982605
        ],
        [
            0.1499999999999926,
            -0.4499999999999731
        ],
        [
            0.14999999999987604,
            -0.5000000000001797
        ],
        [
            0.14999999999990007,
            -0.5500000000002793
        ],
        [
            0.1499999999997808,
            -0.6000000000002585
        ],
        [
            0.14999999999975844,
            -0.6500000000001
        ],
        [
            0.1499999999999169,
            -0.6999999999999569
        ],
        [
            0.14999999999985136,
            -0.7499999999999174
        ],
        [
            0.1499999999999114,
            -0.799999999999877
        ],
        [
            0.15000000000005337,
            -0.849999999999895
        ],
        [
            0.1499999999999377,
            -0.8999999999999614
        ],
        [
            0.14999999999988475,
            -0.9499999999999923
        ],
        [
            0.14999999999970495,
            -1.0
        ],
        [
            0.15999999999986209,
            0.0
        ],
        [
            0.1599999999999914,
            -0.049999999999810425
        ],
        [
            0.160000000000126,
            -0.0999999999998953
        ],
        [
            0.16000000000001233,
            -0.1500000000000926
        ],
        [
            0.15999999999998127,
            -0.20000000000014784
        ],
        [
            0.15999999999979955,
            -0.2500000000000162
        ],
        [
            0.15999999999985084,
            -0.29999999999989685
        ],
        [
            0.15999999999999012,
            -0.34999999999982045
        ],
        [
            0.16000000000001963,
            -0.39999999999986163
        ],
        [
            0.16000000000005749,
            -0.449999999999967
        ],
        [
            0.15999999999997558,
            -0.5000000000001691
        ],
        [
            0.15999999999984083,
            -0.5500000000003181
        ],
        [
            0.15999999999977002,
            -0.6000000000002408
        ],
        [
            0.15999999999967487,
            -0.6500000000001697
        ],
        [
            0.15999999999984785,
            -0.7000000000000176
        ],
        [
            0.15999999999981157,
            -0.7499999999999218
        ],
        [
            0.15999999999995224,
            -0.7999999999999081
        ],
        [
            0.16000000000008566,
            -0.8499999999998208
        ],
        [
            0.15999999999996775,
            -0.8999999999998581
        ],
        [
            0.15999999999990888,
            -0.9499999999999422
        ],
        [
            0.15999999999973005,
            -1.0
        ],
        [
            0.1699999999997609,
            0.0
        ],
        [
            0.16999999999997817,
            -0.049999999999862155
        ],
        [
            0.17000000000020127,
            -0.09999999999991346
        ],
        [
            0.1700000000000827,
            -0.15000000000000552
        ],
        [
            0.17000000000001037,
            -0.20000000000004697
        ],
        [
            0.16999999999971335,
            -0.2500000000000033
        ],
        [
            0.16999999999979734,
            -0.2999999999999155
        ],
        [
            0.16999999999998366,
            -0.3499999999999285
        ],
        [
            0.17000000000003493,
            -0.39999999999991126
        ],
        [
            0.1700000000001394,
            -0.4499999999999796
        ],
        [
            0.17000000000004145,
            -0.5000000000001897
        ],
        [
            0.16999999999983542,
            -0.5500000000003019
        ],
        [
            0.16999999999973206,
            -0.6000000000001954
        ],
        [
            0.16999999999964038,
            -0.6500000000001682
        ],
        [
            0.16999999999979948,
            -0.7000000000000448
        ],
        [
            0.1699999999998278,
            -0.7499999999999412
        ],
        [
            0.16999999999997156,
            -0.7999999999999238
        ],
        [
            0.170000000000039,
            -0.8499999999997633
        ],
        [
            0.17000000000002577,
            -0.8999999999997483
        ],
        [
            0.1699999999999538,
            -0.9499999999998623
        ],
        [
            0.16999999999977342,
            -1.0
        ],
        [
            0.1799999999996804,
            0.0
        ],
        [
            0.17999999999997693,
            -0.04999999999990597
        ],
        [
            0.18000000000022326,
            -0.0999999999999213
        ],
        [
            0.18000000000014824,
            -0.1499999999999314
        ],
        [
            0.180000000000036,
            -0.19999999999997198
        ],
        [
            0.17999999999964422,
            -0.24999999999998676
        ],
        [
            0.179999999999763,
            -0.29999999999991256
        ],
        [
            0.1799999999999954,
            -0.3499999999999767
        ],
        [
            0.18000000000000174,
            -0.3999999999999398
        ],
        [
            0.180000000000215,
            -0.45000000000003243
        ],
        [
            0.18000000000012717,
            -0.5000000000001749
        ],
        [
            0.17999999999973673,
            -0.550000000000184
        ],
        [
            0.17999999999974878,
            -0.6000000000001404
        ],
        [
            0.17999999999963556,
            -0.6500000000001911
        ],
        [
            0.17999999999971697,
            -0.7000000000000828
        ],
        [
            0.17999999999985322,
            -0.7499999999999138
        ],
        [
            0.17999999999996494,
            -0.7999999999998708
        ],
        [
            0.18000000000001076,
            -0.8499999999997678
        ],
        [
            0.1800000000000604,
            -0.8999999999997478
        ],
        [
            0.1799999999999663,
            -0.949999999999854
        ],
        [
            0.17999999999989177,
            -1.0
        ],
        [
            0.18999999999952344,
            0.0
        ],
        [
            0.1899999999999865,
            -0.049999999999870676
        ],
        [
            0.19000000000024692,
            -0.09999999999989213
        ],
        [
            0.19000000000015993,
            -0.14999999999989352
        ],
        [
            0.18999999999999556,
            -0.19999999999985973
        ],
        [
            0.18999999999968803,
            -0.2499999999999039
        ],
        [
            0.18999999999974723,
            -0.29999999999992716
        ],
        [
            0.1899999999999757,
            -0.3499999999999512
        ],
        [
            0.19000000000002426,
            -0.39999999999999175
        ],
        [
            0.19000000000021502,
            -0.45000000000009677
        ],
        [
            0.19000000000016237,
            -0.5000000000001729
        ],
        [
            0.18999999999967782,
            -0.5500000000001505
        ],
        [
            0.18999999999973785,
            -0.6000000000001563
        ],
        [
            0.18999999999965927,
            -0.6500000000001112
        ],
        [
            0.1899999999996291,
            -0.7000000000000426
        ],
        [
            0.1899999999998189,
            -0.7499999999998848
        ],
        [
            0.18999999999999667,
            -0.7999999999998558
        ],
        [
            0.18999999999992323,
            -0.8499999999997871
        ],
        [
            0.19000000000009665,
            -0.8999999999997206
        ],
        [
            0.18999999999999317,
            -0.9499999999998705
        ],
        [
            0.18999999999997863,
            -1.0
        ],
        [
            0.19999999999943915,
            0.0
        ],
        [
            0.1999999999999702,
            -0.0499999999999405
        ],
        [
            0.20000000000029258,
            -0.09999999999989054
        ],
        [
            0.2000000000001184,
            -0.14999999999980468
        ],
        [
            0.20000000000005919,
            -0.19999999999981843
        ],
        [
            0.19999999999963036,
            -0.24999999999981104
        ],
        [
            0.19999999999976267,
            -0.29999999999993027
        ],
        [
            0.19999999999995036,
            -0.3500000000000722
        ],
        [
            0.2000000000000174,
            -0.4000000000000066
        ],
        [
            0.20000000000023516,
            -0.4500000000000738
        ],
        [
            0.2000000000001355,
            -0.5000000000001281
        ],
        [
            0.19999999999967882,
            -0.5500000000000339
        ],
        [
            0.19999999999971158,
            -0.6000000000001458
        ],
        [
            0.19999999999963153,
            -0.6500000000001259
        ],
        [
            0.1999999999995068,
            -0.70000000000001
        ],
        [
            0.19999999999976567,
            -0.749999999999959
        ],
        [
            0.19999999999998097,
            -0.7999999999998759
        ],
        [
            0.19999999999986845,
            -0.8499999999997883
        ],
        [
            0.20000000000012855,
            -0.899999999999732
        ],
        [
            0.20000000000001752,
            -0.9499999999999194
        ],
        [
            0.19999999999999513,
            -1.0
        ]
    ]
}