1	0	0	0	0	<string>:1(<module>)							
1-May	0	0	0	0	abc.py:100(__subclasscheck__)							
6	0	0	0	0	numerictypes.py:578(_can_coerce_all)							
14	0	0	0	0	numerictypes.py:587(<listcomp>)							
3	0	0	0	0	numerictypes.py:602(find_common_type)							
3	0	0	0	0	numerictypes.py:654(<listcomp>)							
3	0	0	0	0	numerictypes.py:655(<listcomp>)							
1-May	0	0	0	0	{built-in	method	_abc._abc_subclasscheck}					
250	0	0	0	0	{method	'copy'	of	'numpy.ndarray'	objects}			
1	0	0	0	0	{method	'disable'	of	'_lsprof.Profiler'	objects}			
2	0	0	0.002	0.001	base.py:390(_add_sparse)							
4096	0.004	0	0.004	0	elembase.py:54(ideqn)							
4096	0.005	0	0.005	0	elembase.py:106(bf)							
4096	0.005	0	0.005	0	elembase.py:117(coord)							
4096	0.005	0	0.005	0	elembase.py:129(prop)							
4096	0.005	0	0.005	0	elembase.py:76(pforce)							
4096	0.005	0	0.005	0	elembase.py:86(dirich)							
4096	0.005	0	0.005	0	elembase.py:96(trac)							
4096	0.005	0	0.005	0	{method	'lower'	of	'str'	objects}			
4096	0.006	0	0.006	0	decomp.py:1197(_check_info)							
4096	0.006	0	0.006	0	shape.py:75(getshape)							
4096	0.008	0	0.008	0	assembly.py:39(<listcomp>)							
4096	0.008	0	0.008	0	assembly.py:40(<listcomp>)							
4096	0.008	0	0.008	0	assembly.py:41(<listcomp>)							
4096	0.008	0	0.008	0	assembly.py:43(<listcomp>)							
4096	0.008	0	0.008	0	elembase.py:100(trac)							
4096	0.008	0	0.008	0	elembase.py:148(<listcomp>)							
4096	0.008	0	0.008	0	elembase.py:90(dirich)							
4096	0.009	0	0.009	0	assembly.py:37(<listcomp>)							
4096	0.009	0	0.009	0	assembly.py:38(<listcomp>)							
4096	0.009	0	0.009	0	assembly.py:42(<listcomp>)							
8192	0.009	0	0.009	0	base.py:634(__iadd__)							
4096	0.009	0	0.009	0	elembase.py:80(pforce)							
8192	0.009	0	0.009	0	fromnumeric.py:2273(_all_dispatcher)							
8192	0.009	0	0.009	0	{method	'items'	of	'dict'	objects}			
4096	0.01	0	0.01	0	elembase.py:110(bf)							
4096	0.01	0	0.01	0	elembase.py:133(prop)							
4096	0.01	0	0.01	0	orthogonal.py:1920(<lambda>)							
8192	0.012	0	0.012	0	fromnumeric.py:74(<dictcomp>)							
4096	0.01	0	0.013	0	core.py:6251(isMaskedArray)							
4096	0.018	0	0.018	0	{built-in	method	scipy.sparse._sparsetools.csr_has_sorted_indices}					
8192	0.018	0	0.018	0	{built-in	method	time.perf_counter}					
4096	0.021	0	0.021	0	elembase.py:187(<listcomp>)							
4096	0.022	0	0.022	0	{built-in	method	numpy.arange}					
8192	0.023	0	0.023	0	{built-in	method	_abc._abc_instancecheck}					
20482	0.024	0	0.024	0	compressed.py:1114(__set_sorted)							
4096	0.025	0	0.025	0	elembase.py:121(coord)							
8192	0.017	0	0.025	0	sputils.py:239(isdense)							
8192	0.017	0	0.028	0	<string>:1(__new__)							
4096	0.009	0	0.028	0	_methods.py:36(_sum)							
4096	0.02	0	0.029	0	decomp.py:501(_check_select)							
4096	0.03	0	0.03	0	elembase.py:186(<listcomp>)							
24581	0.03	0	0.03	0	{built-in	method	builtins.hash}					
16384	0.03	0	0.03	0	{method	'ravel'	of	'numpy.ndarray'	objects}			
32772	0.031	0	0.031	0	multiarray.py:77(empty_like)							
4096	0.032	0	0.032	0	{built-in	method	scipy.sparse._sparsetools.csr_sum_duplicates}					
32770	0.033	0	0.033	0	fromnumeric.py:2982(_ndim_dispatcher)							
4096	0.016	0	0.034	0	linelas2d.py:102(rhs_point_force)							
32770	0.036	0	0.036	0	data.py:25(_get_dtype)							
36864	0.037	0	0.037	0	linalg.py:482(_unary_dispatcher)							
4096	0.011	0	0.039	0	{method	'sum'	of	'numpy.ndarray'	objects}			
8192	0.017	0	0.04	0	abc.py:96(__instancecheck__)							
32770	0.041	0	0.041	0	{method	'rpartition'	of	'str'	objects}			
4096	0.009	0	0.042	0	_methods.py:47(_all)							
36864	0.052	0	0.052	0	linalg.py:209(_assertNdSquareness)							
4096	0.012	0	0.053	0	{method	'all'	of	'numpy.ndarray'	objects}			
36864	0.055	0	0.055	0	linalg.py:203(_assertRankAtLeast2)							
36868	0.058	0	0.058	0	base.py:674(__getattr__)							
4096	0.041	0	0.058	0	blas.py:253(find_best_blas_type)							
32774	0.058	0	0.058	0	{method	'astype'	of	'numpy.ndarray'	objects}			
4096	0.02	0	0.059	0	compressed.py:1099(__get_sorted)							
4096	0.061	0	0.061	0	orthogonal.py:1921(<lambda>)							
4096	0.064	0	0.064	0	orthogonal.py:1923(<lambda>)							
4096	0.072	0	0.072	0	{built-in	method	scipy.sparse._sparsetools.csr_sort_indices}					
20482	0.054	0	0.073	0	compressed.py:1075(__set_has_canonical_format)							
20482	0.06	0	0.085	0	{built-in	method	builtins.hasattr}					
77826	0.087	0	0.087	0	{method	'get'	of	'dict'	objects}			
73736	0.094	0	0.094	0	{built-in	method	builtins.max}					
4096	0.032	0	0.099	0	function_base.py:432(asarray_chkfinite)							
81920	0.101	0	0.101	0	{built-in	method	__new__	of	type	object	at	0x8ff5e0}
110592	0.105	0	0.105	0	{built-in	method	builtins.issubclass}					
36864	0.107	0	0.107	0	{method	'astype'	of	'numpy.generic'	objects}			
36864	0.109	0	0.109	0	jacobian.py:58(<listcomp>)							
8192	0.05	0	0.115	0	fromnumeric.py:73(_wrapreduction)							
8192	0.04	0	0.115	0	numeric.py:1782(isscalar)							
36864	0.077	0	0.116	0	linalg.py:134(_realType)							
16386	0.123	0	0.123	0	{built-in	method	scipy.sparse._sparsetools.csr_has_canonical_format}					
32770	0.085	0	0.126	0	<frozen							
81924	0.129	0	0.129	0	{method	'newbyteorder'	of	'numpy.dtype'	objects}			
81924	0.135	0	0.135	0	base.py:70(__init__)							
4096	0.053	0	0.136	0	blas.py:318(_get_funcs)							
147456	0.138	0	0.138	0	multiarray.py:707(dot)							
8192	0.025	0	0.14	0	fromnumeric.py:2277(all)							
40962	0.144	0	0.144	0	{built-in	method	numpy.empty}					
24578	0.084	0	0.145	0	sputils.py:21(upcast)							
4096	0.012	0	0.148	0	lapack.py:662(get_lapack_funcs)							
49154	0.115	0	0.148	0	{built-in	method	builtins.getattr}					
36864	0.073	0	0.151	0	linelas2d.py:96(rhs_trac_kernel)							
4096	0.145	0	0.151	0	{built-in	method	builtins.eval}					
122880	0.156	0	0.156	0	integrate.py:24(<genexpr>)							
4096	0.026	0	0.166	0	compressed.py:1130(sort_indices)							
147466	0.167	0	0.167	0	getlimits.py:521(max)							
36864	0.167	0	0.167	0	jacobian.py:57(<listcomp>)							
8192	0.033	0	0.173	0	sputils.py:182(isscalarlike)							
4096	0.05	0	0.175	0	_util.py:193(_asarray_validated)							
32772	0.064	0	0.179	0	_methods.py:32(_amin)							
196616	0.181	0	0.181	0	{built-in	method	_operator.index}					
32772	0.108	0	0.194	0	<__array_function__							
212998	0.196	0	0.196	0	csr.py:228(_swap)							
155652	0.197	0	0.197	0	_util.py:129(_prune_array)							
8192	0.029	0	0.199	0	<__array_function__							
73728	0.138	0	0.206	0	linalg.py:121(isComplexType)							
147466	0.207	0	0.207	0	getlimits.py:508(min)							
245802	0.231	0	0.231	0	multiarray.py:469(can_cast)							
77826	0.153	0	0.233	0	base.py:1189(isspmatrix)							
4096	0.055	0	0.254	0	elembase.py:58(ideqn)							
32772	0.075	0	0.254	0	{method	'min'	of	'numpy.ndarray'	objects}			
16386	0.259	0	0.259	0	{built-in	method	scipy.sparse._sparsetools.coo_tocsr}					
81924	0.178	0	0.313	0	data.py:22(__init__)							
352272	0.345	0	0.345	0	base.py:84(get_shape)							
40964	0.085	0	0.357	0	_methods.py:28(_amax)							
32770	0.14	0	0.365	0	fromnumeric.py:2986(ndim)							
4096	0.046	0	0.371	0	elembase.py:171(setdata)							
319504	0.337	0	0.377	0	{built-in	method	builtins.isinstance}					
36864	0.195	0	0.386	0	linelas2d.py:78(rhs_bf_kernel)							
327688	0.415	0	0.415	0	compressed.py:110(getnnz)							
36864	0.188	0	0.445	0	linalg.py:144(_commonType)							
4096	0.094	0	0.456	0	decomp.py:533(eig_banded)							
40964	0.103	0	0.459	0	{method	'max'	of	'numpy.ndarray'	objects}			
4096	0.013	0	0.469	0	decomp.py:864(eigvals_banded)							
65544	0.299	0	0.478	0	coo.py:241(getnnz)							
90120	0.484	0	0.484	0	{method	'reduce'	of	'numpy.ufunc'	objects}			
16386	0.125	0	0.488	0	compressed.py:1054(__get_has_canonical_format)							
32770	0.11	0	0.586	0	<__array_function__							
294932	0.661	0	0.661	0	getlimits.py:497(__init__)							
779743	0.667	0	0.667	0	{method	'append'	of	'list'	objects}			
32770	0.09	0	0.675	0	sputils.py:187(isintlike)							
294924	0.494	0	0.676	0	sputils.py:279(<genexpr>)							
81924	0.306	0	0.692	0	sputils.py:92(to_native)							
147456	0.439	0	0.846	0	<__array_function__							
57348	0.187	0	0.863	0	sputils.py:209(isshape)							
16386	0.071	0	0.925	0	compressed.py:1083(sum_duplicates)							
36864	0.478	0	0.956	0	shape.py:40(shape2d)							
823296	0.962	0	0.962	0	{method	'reshape'	of	'numpy.ndarray'	objects}			
4096	0.229	0	0.993	0	orthogonal.py:176(_gen_roots_and_weights)							
40960	0.162	0	1.008	0	compressed.py:127(_set_self)							
4096	0.02	0	1.012	0	orthogonal.py:1884(roots_legendre)							
4096	0.032	0	1.059	0	gausslegendre.py:20(gauss1d)							
1187920	1.075	0	1.075	0	{built-in	method	builtins.len}					
8192	1.128	0	1.128	0	{built-in	method	scipy.sparse._sparsetools.csr_plus_csr}					
36864	0.501	0	1.372	0	linalg.py:2072(det)							
4096	0.097	0	1.44	0	elembase.py:155(compute_rhs)							
4096	0.153	0	1.442	0	gausslegendre.py:31(gauss2d)							
4096	0.018	0	1.46	0	gausslegendre.py:71(getgauss)							
245802	0.764	0	1.534	0	<__array_function__							
36864	0.118	0	1.607	0	<__array_function__							
552960	1.671	0	1.671	0	interp.py:10(<genexpr>)							
393232	0.829	0	1.721	0	base.py:242(nnz)							
16386	0.525	0	1.865	0	coo.py:267(_check)							
98308	0.914	0	1.935	0	sputils.py:266(check_shape)							
1069094	2.271	0	2.271	0	{built-in	method	numpy.array}					
884736	2.491	0	2.491	0	{built-in	method	numpy.zeros}					
77826	1.198	0	2.786	0	compressed.py:1139(prune)							
503856	1.041	0	2.918	0	{built-in	method	numpy.core._multiarray_umath.implement_array_function}					
12288	0.18	0	2.942	0	interp.py:10(<listcomp>)							
12288	0.031	0	2.973	0	interp.py:1(interp_parent)							
4096	0.049	0	3.036	0.001	elembase.py:140(interp)							
16386	0.267	0	3.41	0	coo.py:128(__init__)							
946202	1.8	0	3.773	0	_asarray.py:16(asarray)							
36864	1.021	0	4.594	0	jacobian.py:50(jaco2d)							
4096	0.119	0	4.878	0.001	elembase.py:145(getjaco)							
147466	1.804	0	5.29	0	sputils.py:120(get_index_dtype)							
8192	0.26	0	5.704	0.001	compressed.py:1209(_binopt)							
8192	0.027	0	5.731	0.001	compressed.py:354(_add_sparse)							
8192	0.063	0	6.007	0.001	base.py:406(__add__)							
16386	0.489	0	7.031	0	coo.py:374(tocsr)							
24576	0.08	0	7.137	0	base.py:298(asformat)							
65538	1.714	0	8.034	0	compressed.py:138(check_format)							
4096	1.091	0	10.713	0.003	elembase.py:180(create_global_Kf)							
36864	7.495	0	10.76	0	linelas2d.py:18(stiffness_kernel)							
4096	0.19	0	10.861	0.003	elembase.py:13(__init__)							
4096	0.022	0	10.883	0.003	linelas2d.py:8(__init__)							
4096	0.018	0	10.901	0.003	assutils.py:6(getelem)							
4096	0.021	0	11.277	0.003	elembase.py:152(compute_stiffness)							
122880	0.655	0	11.952	0	integrate.py:26(<genexpr>)							
12288	0.176	0	12.551	0.001	integrate.py:7(integrate_parent)							
122880	1.358	0	14.981	0	{built-in	method	builtins.sum}					
65538/32770	1.095	0	20.236	0.001	compressed.py:30(__init__)							
4096	0.042	0	31.387	0.008	elembase.py:212(compute)							
1	0.288	0.288	49.212	49.212	assembly.py:17(assembly)							
1	0	0	49.212	49.212	{built-in	method	builtins.exec}					
ncalls	tottime	percall	cumtime	percall	filename:lineno(function)							
