{
    "solution": [
        [
            0.0,
            0.0
        ],
        [
            1.1175088632242591e-14,
            -0.09999999999999183
        ],
        [
            1.80480630440627e-14,
            -0.1999999999999856
        ],
        [
            2.679106936298581e-14,
            -0.29999999999998
        ],
        [
            3.7241043582270095e-14,
            -0.39999999999997504
        ],
        [
            4.887409921217056e-14,
            -0.49999999999997036
        ],
        [
            6.248473960468459e-14,
            -0.599999999999967
        ],
        [
            7.720560302182378e-14,
            -0.6999999999999642
        ],
        [
            9.217279717255167e-14,
            -0.7999999999999621
        ],
        [
            1.0758061108617767e-13,
            -0.8999999999999616
        ],
        [
            1.2251311076738602e-13,
            -0.9999999999999614
        ],
        [
            0.020000000000001492,
            0.0
        ],
        [
            0.02000000000000933,
            -0.09999999999999488
        ],
        [
            0.02000000000001701,
            -0.19999999999998863
        ],
        [
            0.02000000000002579,
            -0.29999999999998367
        ],
        [
            0.020000000000036357,
            -0.39999999999997937
        ],
        [
            0.020000000000048097,
            -0.49999999999997535
        ],
        [
            0.02000000000006192,
            -0.5999999999999726
        ],
        [
            0.020000000000076738,
            -0.6999999999999701
        ],
        [
            0.020000000000091937,
            -0.7999999999999683
        ],
        [
            0.020000000000107498,
            -0.8999999999999677
        ],
        [
            0.020000000000122448,
            -0.9999999999999671
        ],
        [
            0.040000000000002686,
            0.0
        ],
        [
            0.04000000000000827,
            -0.09999999999999648
        ],
        [
            0.040000000000015974,
            -0.19999999999999157
        ],
        [
            0.04000000000002496,
            -0.29999999999998733
        ],
        [
            0.04000000000003558,
            -0.3999999999999835
        ],
        [
            0.04000000000004749,
            -0.4999999999999803
        ],
        [
            0.040000000000061445,
            -0.5999999999999781
        ],
        [
            0.04000000000007645,
            -0.699999999999976
        ],
        [
            0.04000000000009178,
            -0.7999999999999746
        ],
        [
            0.040000000000107366,
            -0.8999999999999737
        ],
        [
            0.04000000000012241,
            -0.9999999999999735
        ],
        [
            0.06000000000000354,
            0.0
        ],
        [
            0.060000000000007755,
            -0.09999999999999756
        ],
        [
            0.060000000000015166,
            -0.19999999999999413
        ],
        [
            0.060000000000024235,
            -0.29999999999999055
        ],
        [
            0.06000000000003494,
            -0.39999999999998753
        ],
        [
            0.06000000000004706,
            -0.49999999999998507
        ],
        [
            0.06000000000006106,
            -0.5999999999999833
        ],
        [
            0.0600000000000763,
            -0.6999999999999821
        ],
        [
            0.06000000000009165,
            -0.7999999999999808
        ],
        [
            0.060000000000107204,
            -0.8999999999999799
        ],
        [
            0.06000000000012229,
            -0.9999999999999793
        ],
        [
            0.08000000000000415,
            0.0
        ],
        [
            0.08000000000000762,
            -0.09999999999999865
        ],
        [
            0.0800000000000146,
            -0.19999999999999643
        ],
        [
            0.08000000000002364,
            -0.2999999999999939
        ],
        [
            0.08000000000003443,
            -0.39999999999999164
        ],
        [
            0.08000000000004676,
            -0.49999999999999006
        ],
        [
            0.0800000000000608,
            -0.5999999999999888
        ],
        [
            0.08000000000007622,
            -0.6999999999999876
        ],
        [
            0.0800000000000915,
            -0.7999999999999867
        ],
        [
            0.08000000000010711,
            -0.8999999999999858
        ],
        [
            0.08000000000012222,
            -0.9999999999999855
        ],
        [
            0.1000000000000047,
            0.0
        ],
        [
            0.1000000000000077,
            -0.09999999999999967
        ],
        [
            0.10000000000001429,
            -0.19999999999999857
        ],
        [
            0.10000000000002317,
            -0.29999999999999705
        ],
        [
            0.10000000000003416,
            -0.3999999999999958
        ],
        [
            0.10000000000004654,
            -0.4999999999999949
        ],
        [
            0.10000000000006057,
            -0.599999999999994
        ],
        [
            0.10000000000007614,
            -0.6999999999999931
        ],
        [
            0.10000000000009147,
            -0.7999999999999923
        ],
        [
            0.10000000000010706,
            -0.899999999999992
        ],
        [
            0.1000000000001221,
            -0.9999999999999915
        ],
        [
            0.1200000000000053,
            0.0
        ],
        [
            0.12000000000000789,
            -0.1000000000000007
        ],
        [
            0.12000000000001422,
            -0.2000000000000008
        ],
        [
            0.12000000000002299,
            -0.3000000000000004
        ],
        [
            0.12000000000003402,
            -0.3999999999999999
        ],
        [
            0.12000000000004644,
            -0.49999999999999967
        ],
        [
            0.12000000000006047,
            -0.5999999999999995
        ],
        [
            0.12000000000007602,
            -0.6999999999999991
        ],
        [
            0.12000000000009153,
            -0.7999999999999983
        ],
        [
            0.1200000000001071,
            -0.8999999999999984
        ],
        [
            0.12000000000012193,
            -0.9999999999999977
        ],
        [
            0.14000000000000587,
            0.0
        ],
        [
            0.14000000000000834,
            -0.10000000000000173
        ],
        [
            0.14000000000001422,
            -0.200000000000003
        ],
        [
            0.14000000000002297,
            -0.30000000000000365
        ],
        [
            0.14000000000003401,
            -0.40000000000000413
        ],
        [
            0.14000000000004645,
            -0.5000000000000046
        ],
        [
            0.14000000000006044,
            -0.6000000000000049
        ],
        [
            0.1400000000000759,
            -0.7000000000000048
        ],
        [
            0.14000000000009166,
            -0.8000000000000045
        ],
        [
            0.14000000000010715,
            -0.9000000000000041
        ],
        [
            0.14000000000012167,
            -1.0000000000000038
        ],
        [
            0.1600000000000065,
            0.0
        ],
        [
            0.16000000000000897,
            -0.10000000000000275
        ],
        [
            0.16000000000001463,
            -0.20000000000000523
        ],
        [
            0.16000000000002318,
            -0.300000000000007
        ],
        [
            0.16000000000003411,
            -0.4000000000000081
        ],
        [
            0.16000000000004663,
            -0.5000000000000093
        ],
        [
            0.16000000000006048,
            -0.6000000000000107
        ],
        [
            0.16000000000007586,
            -0.7000000000000108
        ],
        [
            0.16000000000009174,
            -0.8000000000000104
        ],
        [
            0.16000000000010708,
            -0.9000000000000101
        ],
        [
            0.1600000000001216,
            -1.0000000000000098
        ],
        [
            0.18000000000000727,
            0.0
        ],
        [
            0.18000000000000962,
            -0.10000000000000402
        ],
        [
            0.18000000000001526,
            -0.20000000000000753
        ],
        [
            0.18000000000002353,
            -0.3000000000000105
        ],
        [
            0.1800000000000344,
            -0.4000000000000124
        ],
        [
            0.18000000000004704,
            -0.5000000000000147
        ],
        [
            0.18000000000006064,
            -0.6000000000000165
        ],
        [
            0.1800000000000758,
            -0.7000000000000173
        ],
        [
            0.18000000000009167,
            -0.8000000000000169
        ],
        [
            0.18000000000010713,
            -0.9000000000000158
        ],
        [
            0.1800000000001215,
            -1.0000000000000162
        ],
        [
            0.20000000000000823,
            0.0
        ],
        [
            0.2000000000000106,
            -0.10000000000000543
        ],
        [
            0.2000000000000161,
            -0.2000000000000102
        ],
        [
            0.20000000000002413,
            -0.3000000000000139
        ],
        [
            0.2000000000000349,
            -0.4000000000000171
        ],
        [
            0.20000000000004758,
            -0.5000000000000198
        ],
        [
            0.20000000000006096,
            -0.6000000000000221
        ],
        [
            0.20000000000007584,
            -0.7000000000000233
        ],
        [
            0.20000000000009155,
            -0.8000000000000229
        ],
        [
            0.20000000000010706,
            -0.9000000000000223
        ],
        [
            0.20000000000012164,
            -1.000000000000022
        ]
    ]
}